2019-02-01 14:10:15 +0000  Initial pipeline context: <IDEDistributionProcessingPipelineContext: 0x7fcc8fae3530; archive(resolved)='<IDEArchive: 0x7fcc8fdb3c50>', distributionTask(resolved)='2', distributionDestination(resolved)='1', distributionMethod(resolved)='<IDEDistributionMethodiOSEnterprise: 0x7fcc8fd79c80>', team(resolved)='<IDEProvisioningDisambiguatableBasicTeam: 0x7fcc8ce9fec0; teamID='PEVL7W78Y7', teamName='Corporativo Three Wise Monkeys, Corporation', teamType='Enterprise', username='alejandro@bonobo-digital.com', isFreeProvisioningTeam='0'>'>
	Chain (12, self inclusive):
	<IDEDistributionProcessingPipelineContext: 0x7fcc8fae3530; archive = '<IDEArchive: 0x7fcc8fdb3c50>', distributionMethod='<IDEDistributionMethodiOSEnterprise: 0x7fcc8fd79c80>', team='<IDEProvisioningDisambiguatableBasicTeam: 0x7fcc8ce9fec0; teamID='PEVL7W78Y7', teamName='Corporativo Three Wise Monkeys, Corporation', teamType='Enterprise', username='alejandro@bonobo-digital.com', isFreeProvisioningTeam='0'>'>
	<IDEDistributionProcessingPipelineContext: 0x7fcc8fa1c8b0; archive = '<IDEArchive: 0x7fcc8fdb3c50>', distributionMethod='<IDEDistributionMethodiOSEnterprise: 0x7fcc8fd79c80>', team='<IDEProvisioningDisambiguatableBasicTeam: 0x7fcc8ce9fec0; teamID='PEVL7W78Y7', teamName='Corporativo Three Wise Monkeys, Corporation', teamType='Enterprise', username='alejandro@bonobo-digital.com', isFreeProvisioningTeam='0'>'>
	<IDEDistributionContext: 0x7fcc920e7040; archive = '<IDEArchive: 0x7fcc8fdb3c50>', distributionMethod='<IDEDistributionMethodiOSEnterprise: 0x7fcc8fd79c80>', team='<IDEProvisioningDisambiguatableBasicTeam: 0x7fcc8ce9fec0; teamID='PEVL7W78Y7', teamName='Corporativo Three Wise Monkeys, Corporation', teamType='Enterprise', username='alejandro@bonobo-digital.com', isFreeProvisioningTeam='0'>'>
	<IDEDistributionContext: 0x7fcc910f5030; archive = '<IDEArchive: 0x7fcc8fdb3c50>', distributionMethod='<IDEDistributionMethodiOSEnterprise: 0x7fcc8fd79c80>', team='<IDEProvisioningDisambiguatableBasicTeam: 0x7fcc8ce9fec0; teamID='PEVL7W78Y7', teamName='Corporativo Three Wise Monkeys, Corporation', teamType='Enterprise', username='alejandro@bonobo-digital.com', isFreeProvisioningTeam='0'>'>
	<IDEDistributionContext: 0x7fcc8ee937e0; archive = '<IDEArchive: 0x7fcc8fdb3c50>', distributionMethod='<IDEDistributionMethodiOSEnterprise: 0x7fcc8fd79c80>', team='<IDEProvisioningDisambiguatableBasicTeam: 0x7fcc8ce9fec0; teamID='PEVL7W78Y7', teamName='Corporativo Three Wise Monkeys, Corporation', teamType='Enterprise', username='alejandro@bonobo-digital.com', isFreeProvisioningTeam='0'>'>
	<IDEDistributionContext: 0x7fcc920a27f0; archive = '<IDEArchive: 0x7fcc8fdb3c50>', distributionMethod='<IDEDistributionMethodiOSEnterprise: 0x7fcc8fd79c80>', team='<IDEProvisioningDisambiguatableBasicTeam: 0x7fcc8ce9fec0; teamID='PEVL7W78Y7', teamName='Corporativo Three Wise Monkeys, Corporation', teamType='Enterprise', username='alejandro@bonobo-digital.com', isFreeProvisioningTeam='0'>'>
	<IDEDistributionContext: 0x7fcc8f9a7260; archive = '<IDEArchive: 0x7fcc8fdb3c50>', distributionMethod='<IDEDistributionMethodiOSEnterprise: 0x7fcc8fd79c80>', team='<IDEProvisioningDisambiguatableBasicTeam: 0x7fcc8ce9fec0; teamID='PEVL7W78Y7', teamName='Corporativo Three Wise Monkeys, Corporation', teamType='Enterprise', username='alejandro@bonobo-digital.com', isFreeProvisioningTeam='0'>'>
	<IDEDistributionContext: 0x7fcc917101d0; archive = '<IDEArchive: 0x7fcc8fdb3c50>', distributionMethod='<IDEDistributionMethodiOSEnterprise: 0x7fcc8fd79c80>', team='<IDEProvisioningDisambiguatableBasicTeam: 0x7fcc8ce9fec0; teamID='PEVL7W78Y7', teamName='Corporativo Three Wise Monkeys, Corporation', teamType='Enterprise', username='alejandro@bonobo-digital.com', isFreeProvisioningTeam='0'>'>
	<IDEDistributionContext: 0x7fcc8fdc1770; archive = '<IDEArchive: 0x7fcc8fdb3c50>', distributionMethod='<IDEDistributionMethodiOSEnterprise: 0x7fcc8fd79c80>', team='<IDEProvisioningDisambiguatableBasicTeam: 0x7fcc8ce9fec0; teamID='PEVL7W78Y7', teamName='Corporativo Three Wise Monkeys, Corporation', teamType='Enterprise', username='alejandro@bonobo-digital.com', isFreeProvisioningTeam='0'>'>
	<IDEDistributionContext: 0x7fcc8fdc65e0; archive = '<IDEArchive: 0x7fcc8fdb3c50>', distributionMethod='<IDEDistributionMethodiOSEnterprise: 0x7fcc8fd79c80>', team='(null)'>
	<IDEDistributionContext: 0x7fcc91651870; archive = '<IDEArchive: 0x7fcc8fdb3c50>', distributionMethod='<IDEDistributionMethodiOSEnterprise: 0x7fcc8fd79c80>', team='(null)'>
	<IDEDistributionContext: 0x7fcc915d4ac0; archive = '<IDEArchive: 0x7fcc8fdb3c50>', distributionMethod='(null)', team='(null)'>
</IDEDistributionProcessingPipelineContext: 0x7fcc8fae3530>
2019-02-01 14:10:15 +0000  Processing step: IDEDistributionCreateDestRootStep
2019-02-01 14:10:15 +0000  Processing step: IDEDistributionCopyItemStep
2019-02-01 14:10:15 +0000  Running /usr/bin/ditto '-V' '/Users/caf004m/Library/Developer/Xcode/Archives/2019-02-01/Briefs 2-1-19, 8.08 AM.xcarchive/Products/Applications/Briefs.app' '/var/folders/gv/0435cfdx29qf_23ly8yb91qjzc0hcn/T/XcodeDistPipeline.zaM/Root/Payload/Briefs.app'
2019-02-01 14:10:15 +0000  >>> Copying /Users/caf004m/Library/Developer/Xcode/Archives/2019-02-01/Briefs 2-1-19, 8.08 AM.xcarchive/Products/Applications/Briefs.app 
2019-02-01 14:10:15 +0000  copying file ./_CodeSignature/CodeResources ... 
2019-02-01 14:10:15 +0000  46923 bytes for ./_CodeSignature/CodeResources
2019-02-01 14:10:15 +0000  copying file ./LaunchImage@2x.png ... 
2019-02-01 14:10:15 +0000  32583 bytes for ./LaunchImage@2x.png
2019-02-01 14:10:15 +0000  copying file ./MainViewController.nib ... 
2019-02-01 14:10:15 +0000  943 bytes for ./MainViewController.nib
2019-02-01 14:10:15 +0000  copying file ./AppIcon57x57.png ... 
2019-02-01 14:10:15 +0000  1450 bytes for ./AppIcon57x57.png
2019-02-01 14:10:15 +0000  copying file ./AppIcon29x29.png ... 
2019-02-01 14:10:15 +0000  683 bytes for ./AppIcon29x29.png
2019-02-01 14:10:15 +0000  copying file ./LaunchImage-568h@2x.png ... 
2019-02-01 14:10:15 +0000  40258 bytes for ./LaunchImage-568h@2x.png
2019-02-01 14:10:15 +0000  copying file ./AppIcon60x60@2x.png ... 
2019-02-01 14:10:15 +0000  3913 bytes for ./AppIcon60x60@2x.png
2019-02-01 14:10:15 +0000  copying file ./AppIcon72x72@2x~ipad.png ... 
2019-02-01 14:10:15 +0000  4861 bytes for ./AppIcon72x72@2x~ipad.png
2019-02-01 14:10:15 +0000  copying file ./AppIcon29x29@2x.png ... 
2019-02-01 14:10:15 +0000  1495 bytes for ./AppIcon29x29@2x.png
2019-02-01 14:10:15 +0000  copying file ./LaunchImage-800-667h@2x.png ... 
2019-02-01 14:10:15 +0000  49946 bytes for ./LaunchImage-800-667h@2x.png
2019-02-01 14:10:15 +0000  copying file ./LaunchImage-Portrait@2x~ipad.png ... 
2019-02-01 14:10:15 +0000  102307 bytes for ./LaunchImage-Portrait@2x~ipad.png
2019-02-01 14:10:15 +0000  copying file ./AppIcon40x40@3x.png ... 
2019-02-01 14:10:15 +0000  3913 bytes for ./AppIcon40x40@3x.png
2019-02-01 14:10:15 +0000  copying file ./AppIcon57x57@2x.png ... 
2019-02-01 14:10:15 +0000  3643 bytes for ./AppIcon57x57@2x.png
2019-02-01 14:10:15 +0000  copying file ./AppIcon29x29~ipad.png ... 
2019-02-01 14:10:15 +0000  683 bytes for ./AppIcon29x29~ipad.png
copying file ./AppIcon40x40@2x.png ... 
2019-02-01 14:10:15 +0000  2396 bytes for ./AppIcon40x40@2x.png
2019-02-01 14:10:15 +0000  copying file ./LaunchImage-Portrait~ipad.png ... 
2019-02-01 14:10:15 +0000  36703 bytes for ./LaunchImage-Portrait~ipad.png
copying file ./AppIcon29x29@3x.png ... 
2019-02-01 14:10:15 +0000  2651 bytes for ./AppIcon29x29@3x.png
copying file ./GoogleService-Info.plist ... 
2019-02-01 14:10:15 +0000  908 bytes for ./GoogleService-Info.plist
2019-02-01 14:10:15 +0000  copying file ./AppIcon60x60@3x.png ... 
2019-02-01 14:10:15 +0000  6384 bytes for ./AppIcon60x60@3x.png
copying file ./config.xml ... 
2019-02-01 14:10:15 +0000  6577 bytes for ./config.xml
2019-02-01 14:10:15 +0000  copying file ./www/index.html ... 
2019-02-01 14:10:15 +0000  1811 bytes for ./www/index.html
copying file ./www/cordova.js ... 
2019-02-01 14:10:15 +0000  61623 bytes for ./www/cordova.js
2019-02-01 14:10:15 +0000  copying file ./www/plugins/cordova-plugin-file/www/requestFileSystem.js ... 
2019-02-01 14:10:15 +0000  3244 bytes for ./www/plugins/cordova-plugin-file/www/requestFileSystem.js
2019-02-01 14:10:15 +0000  copying file ./www/plugins/cordova-plugin-file/www/DirectoryEntry.js ... 
2019-02-01 14:10:15 +0000  4681 bytes for ./www/plugins/cordova-plugin-file/www/DirectoryEntry.js
2019-02-01 14:10:15 +0000  copying file ./www/plugins/cordova-plugin-file/www/FileSystem.js ... 
2019-02-01 14:10:15 +0000  1960 bytes for ./www/plugins/cordova-plugin-file/www/FileSystem.js
2019-02-01 14:10:15 +0000  copying file ./www/plugins/cordova-plugin-file/www/Flags.js ... 
2019-02-01 14:10:15 +0000  1336 bytes for ./www/plugins/cordova-plugin-file/www/Flags.js
2019-02-01 14:10:15 +0000  copying file ./www/plugins/cordova-plugin-file/www/fileSystemPaths.js ... 
2019-02-01 14:10:15 +0000  2548 bytes for ./www/plugins/cordova-plugin-file/www/fileSystemPaths.js
2019-02-01 14:10:15 +0000  copying file ./www/plugins/cordova-plugin-file/www/FileEntry.js ... 
2019-02-01 14:10:15 +0000  3423 bytes for ./www/plugins/cordova-plugin-file/www/FileEntry.js
2019-02-01 14:10:15 +0000  copying file ./www/plugins/cordova-plugin-file/www/fileSystems.js ... 
2019-02-01 14:10:15 +0000  1047 bytes for ./www/plugins/cordova-plugin-file/www/fileSystems.js
2019-02-01 14:10:15 +0000  copying file ./www/plugins/cordova-plugin-file/www/DirectoryReader.js ... 
2019-02-01 14:10:15 +0000  2724 bytes for ./www/plugins/cordova-plugin-file/www/DirectoryReader.js
2019-02-01 14:10:15 +0000  copying file ./www/plugins/cordova-plugin-file/www/Metadata.js ... 
2019-02-01 14:10:15 +0000  1488 bytes for ./www/plugins/cordova-plugin-file/www/Metadata.js
2019-02-01 14:10:15 +0000  copying file ./www/plugins/cordova-plugin-file/www/ios/FileSystem.js ... 
2019-02-01 14:10:15 +0000  1222 bytes for ./www/plugins/cordova-plugin-file/www/ios/FileSystem.js
2019-02-01 14:10:15 +0000  copying file ./www/plugins/cordova-plugin-file/www/browser/isChrome.js ... 
2019-02-01 14:10:15 +0000  1232 bytes for ./www/plugins/cordova-plugin-file/www/browser/isChrome.js
2019-02-01 14:10:15 +0000  copying file ./www/plugins/cordova-plugin-file/www/LocalFileSystem.js ... 
2019-02-01 14:10:15 +0000  957 bytes for ./www/plugins/cordova-plugin-file/www/LocalFileSystem.js
2019-02-01 14:10:15 +0000  copying file ./www/plugins/cordova-plugin-file/www/FileReader.js ... 
2019-02-01 14:10:15 +0000  10523 bytes for ./www/plugins/cordova-plugin-file/www/FileReader.js
2019-02-01 14:10:15 +0000  copying file ./www/plugins/cordova-plugin-file/www/fileSystems-roots.js ... 
2019-02-01 14:10:15 +0000  1598 bytes for ./www/plugins/cordova-plugin-file/www/fileSystems-roots.js
2019-02-01 14:10:15 +0000  copying file ./www/plugins/cordova-plugin-file/www/FileUploadOptions.js ... 
2019-02-01 14:10:15 +0000  1831 bytes for ./www/plugins/cordova-plugin-file/www/FileUploadOptions.js
2019-02-01 14:10:15 +0000  copying file ./www/plugins/cordova-plugin-file/www/FileWriter.js ... 
2019-02-01 14:10:15 +0000  10544 bytes for ./www/plugins/cordova-plugin-file/www/FileWriter.js
2019-02-01 14:10:15 +0000  copying file ./www/plugins/cordova-plugin-file/www/FileError.js ... 
2019-02-01 14:10:15 +0000  1483 bytes for ./www/plugins/cordova-plugin-file/www/FileError.js
2019-02-01 14:10:15 +0000  copying file ./www/plugins/cordova-plugin-file/www/FileUploadResult.js ... 
2019-02-01 14:10:15 +0000  1111 bytes for ./www/plugins/cordova-plugin-file/www/FileUploadResult.js
2019-02-01 14:10:15 +0000  copying file ./www/plugins/cordova-plugin-file/www/ProgressEvent.js ... 
2019-02-01 14:10:15 +0000  2544 bytes for ./www/plugins/cordova-plugin-file/www/ProgressEvent.js
2019-02-01 14:10:15 +0000  copying file ./www/plugins/cordova-plugin-file/www/File.js ... 
2019-02-01 14:10:15 +0000  2714 bytes for ./www/plugins/cordova-plugin-file/www/File.js
2019-02-01 14:10:15 +0000  copying file ./www/plugins/cordova-plugin-file/www/resolveLocalFileSystemURI.js ... 
2019-02-01 14:10:15 +0000  4325 bytes for ./www/plugins/cordova-plugin-file/www/resolveLocalFileSystemURI.js
2019-02-01 14:10:15 +0000  copying file ./www/plugins/cordova-plugin-file/www/Entry.js ... 
2019-02-01 14:10:15 +0000  9869 bytes for ./www/plugins/cordova-plugin-file/www/Entry.js
2019-02-01 14:10:15 +0000  copying file ./www/plugins/cordova-plugin-ionic-webview/src/www/util.js ... 
2019-02-01 14:10:15 +0000  872 bytes for ./www/plugins/cordova-plugin-ionic-webview/src/www/util.js
2019-02-01 14:10:15 +0000  copying file ./www/plugins/cordova-plugin-ionic-webview/src/www/ios/ios-wkwebview-exec.js ... 
2019-02-01 14:10:15 +0000  6126 bytes for ./www/plugins/cordova-plugin-ionic-webview/src/www/ios/ios-wkwebview-exec.js
2019-02-01 14:10:15 +0000  copying file ./www/plugins/cordova-plugin-device/www/device.js ... 
2019-02-01 14:10:15 +0000  3070 bytes for ./www/plugins/cordova-plugin-device/www/device.js
2019-02-01 14:10:15 +0000  copying file ./www/plugins/cordova-plugin-geolocation/www/geolocation.js ... 
2019-02-01 14:10:15 +0000  8660 bytes for ./www/plugins/cordova-plugin-geolocation/www/geolocation.js
2019-02-01 14:10:15 +0000  copying file ./www/plugins/cordova-plugin-geolocation/www/PositionError.js ... 
2019-02-01 14:10:15 +0000  1377 bytes for ./www/plugins/cordova-plugin-geolocation/www/PositionError.js
2019-02-01 14:10:15 +0000  copying file ./www/plugins/cordova-plugin-geolocation/www/Coordinates.js ... 
2019-02-01 14:10:15 +0000  2076 bytes for ./www/plugins/cordova-plugin-geolocation/www/Coordinates.js
2019-02-01 14:10:15 +0000  copying file ./www/plugins/cordova-plugin-geolocation/www/Position.js ... 
2019-02-01 14:10:15 +0000  1359 bytes for ./www/plugins/cordova-plugin-geolocation/www/Position.js
2019-02-01 14:10:15 +0000  copying file ./www/plugins/cordova-plugin-file-transfer/www/FileTransferError.js ... 
2019-02-01 14:10:15 +0000  1488 bytes for ./www/plugins/cordova-plugin-file-transfer/www/FileTransferError.js
2019-02-01 14:10:15 +0000  copying file ./www/plugins/cordova-plugin-file-transfer/www/FileTransfer.js ... 
2019-02-01 14:10:15 +0000  8568 bytes for ./www/plugins/cordova-plugin-file-transfer/www/FileTransfer.js
2019-02-01 14:10:15 +0000  copying file ./www/plugins/cordova-plugin-firebase/www/firebase.js ... 
2019-02-01 14:10:15 +0000  5760 bytes for ./www/plugins/cordova-plugin-firebase/www/firebase.js
2019-02-01 14:10:15 +0000  copying file ./www/plugins/cordova-plugin-camera/www/CameraPopoverOptions.js ... 
2019-02-01 14:10:15 +0000  2296 bytes for ./www/plugins/cordova-plugin-camera/www/CameraPopoverOptions.js
2019-02-01 14:10:15 +0000  copying file ./www/plugins/cordova-plugin-camera/www/ios/CameraPopoverHandle.js ... 
2019-02-01 14:10:15 +0000  2271 bytes for ./www/plugins/cordova-plugin-camera/www/ios/CameraPopoverHandle.js
2019-02-01 14:10:15 +0000  copying file ./www/plugins/cordova-plugin-camera/www/CameraConstants.js ... 
2019-02-01 14:10:15 +0000  3488 bytes for ./www/plugins/cordova-plugin-camera/www/CameraConstants.js
2019-02-01 14:10:15 +0000  copying file ./www/plugins/cordova-plugin-camera/www/Camera.js ... 
2019-02-01 14:10:15 +0000  7995 bytes for ./www/plugins/cordova-plugin-camera/www/Camera.js
2019-02-01 14:10:15 +0000  copying file ./www/plugins/cordova-plugin-splashscreen/www/splashscreen.js ... 
2019-02-01 14:10:15 +0000  1173 bytes for ./www/plugins/cordova-plugin-splashscreen/www/splashscreen.js
2019-02-01 14:10:15 +0000  copying file ./www/plugins/cordova-plugin-ionic-keyboard/www/ios/keyboard.js ... 
2019-02-01 14:10:15 +0000  3125 bytes for ./www/plugins/cordova-plugin-ionic-keyboard/www/ios/keyboard.js
2019-02-01 14:10:15 +0000  copying file ./www/cordova-js-src/exec.js ... 
2019-02-01 14:10:15 +0000  8877 bytes for ./www/cordova-js-src/exec.js
2019-02-01 14:10:15 +0000  copying file ./www/cordova-js-src/platform.js ... 
2019-02-01 14:10:15 +0000  943 bytes for ./www/cordova-js-src/platform.js
2019-02-01 14:10:15 +0000  copying file ./www/manifest.json ... 
2019-02-01 14:10:15 +0000  266 bytes for ./www/manifest.json
2019-02-01 14:10:15 +0000  copying file ./www/cordova_plugins.js ... 
2019-02-01 14:10:15 +0000  9784 bytes for ./www/cordova_plugins.js
copying file ./www/service-worker.js ... 
2019-02-01 14:10:15 +0000  741 bytes for ./www/service-worker.js
2019-02-01 14:10:15 +0000  copying file ./www/build/7.js.map ... 
2019-02-01 14:10:15 +0000  756 bytes for ./www/build/7.js.map
2019-02-01 14:10:15 +0000  copying file ./www/build/2.js ... 
2019-02-01 14:10:15 +0000  1859 bytes for ./www/build/2.js
2019-02-01 14:10:15 +0000  copying file ./www/build/6.js ... 
2019-02-01 14:10:15 +0000  1885 bytes for ./www/build/6.js
2019-02-01 14:10:15 +0000  copying file ./www/build/7.js ... 
2019-02-01 14:10:15 +0000  1885 bytes for ./www/build/7.js
2019-02-01 14:10:15 +0000  copying file ./www/build/5.js.map ... 
2019-02-01 14:10:15 +0000  804 bytes for ./www/build/5.js.map
2019-02-01 14:10:15 +0000  copying file ./www/build/main.js.map ... 
2019-02-01 14:10:15 +0000  124767 bytes for ./www/build/main.js.map
2019-02-01 14:10:15 +0000  copying file ./www/build/3.js ... 
2019-02-01 14:10:15 +0000  1885 bytes for ./www/build/3.js
2019-02-01 14:10:15 +0000  copying file ./www/build/main.css.map ... 
2019-02-01 14:10:15 +0000  4 bytes for ./www/build/main.css.map
2019-02-01 14:10:15 +0000  copying file ./www/build/polyfills.js ... 
2019-02-01 14:10:15 +0000  97180 bytes for ./www/build/polyfills.js
copying file ./www/build/1.js.map ... 
2019-02-01 14:10:15 +0000  711 bytes for ./www/build/1.js.map
2019-02-01 14:10:15 +0000  copying file ./www/build/3.js.map ... 
2019-02-01 14:10:15 +0000  756 bytes for ./www/build/3.js.map
2019-02-01 14:10:15 +0000  copying file ./www/build/main.css ... 
2019-02-01 14:10:15 +0000  942747 bytes for ./www/build/main.css
2019-02-01 14:10:15 +0000  copying file ./www/build/vendor.js ... 
2019-02-01 14:10:15 +0000  8380184 bytes for ./www/build/vendor.js
2019-02-01 14:10:15 +0000  copying file ./www/build/main.js ... 
2019-02-01 14:10:15 +0000  145560 bytes for ./www/build/main.js
2019-02-01 14:10:15 +0000  copying file ./www/build/6.js.map ... 
2019-02-01 14:10:15 +0000  756 bytes for ./www/build/6.js.map
2019-02-01 14:10:15 +0000  copying file ./www/build/4.js.map ... 
2019-02-01 14:10:15 +0000  738 bytes for ./www/build/4.js.map
copying file ./www/build/0.js.map ... 
2019-02-01 14:10:15 +0000  770 bytes for ./www/build/0.js.map
copying file ./www/build/4.js ... 
2019-02-01 14:10:15 +0000  1859 bytes for ./www/build/4.js
2019-02-01 14:10:15 +0000  copying file ./www/build/0.js ... 
2019-02-01 14:10:15 +0000  1902 bytes for ./www/build/0.js
copying file ./www/build/1.js ... 
2019-02-01 14:10:15 +0000  1845 bytes for ./www/build/1.js
2019-02-01 14:10:15 +0000  copying file ./www/build/sw-toolbox.js ... 
2019-02-01 14:10:15 +0000  15793 bytes for ./www/build/sw-toolbox.js
2019-02-01 14:10:15 +0000  copying file ./www/build/2.js.map ... 
2019-02-01 14:10:15 +0000  738 bytes for ./www/build/2.js.map
2019-02-01 14:10:15 +0000  copying file ./www/build/vendor.js.map ... 
2019-02-01 14:10:15 +0000  9870740 bytes for ./www/build/vendor.js.map
2019-02-01 14:10:15 +0000  copying file ./www/build/5.js ... 
2019-02-01 14:10:15 +0000  1950 bytes for ./www/build/5.js
2019-02-01 14:10:15 +0000  copying file ./www/assets/imgs/logo.png ... 
2019-02-01 14:10:15 +0000  40204 bytes for ./www/assets/imgs/logo.png
2019-02-01 14:10:15 +0000  copying file ./www/assets/imgs/logo.blanco.png ... 
2019-02-01 14:10:15 +0000  43642 bytes for ./www/assets/imgs/logo.blanco.png
2019-02-01 14:10:15 +0000  copying file ./www/assets/icon/favicon.ico ... 
2019-02-01 14:10:15 +0000  1981 bytes for ./www/assets/icon/favicon.ico
2019-02-01 14:10:15 +0000  copying file ./www/assets/fonts/roboto-medium.ttf ... 
2019-02-01 14:10:15 +0000  19752 bytes for ./www/assets/fonts/roboto-medium.ttf
2019-02-01 14:10:15 +0000  copying file ./www/assets/fonts/roboto-light.woff2 ... 
2019-02-01 14:10:15 +0000  10220 bytes for ./www/assets/fonts/roboto-light.woff2
copying file ./www/assets/fonts/roboto-light.ttf ... 
2019-02-01 14:10:15 +0000  19908 bytes for ./www/assets/fonts/roboto-light.ttf
2019-02-01 14:10:15 +0000  copying file ./www/assets/fonts/roboto-regular.woff2 ... 
2019-02-01 14:10:15 +0000  10196 bytes for ./www/assets/fonts/roboto-regular.woff2
2019-02-01 14:10:15 +0000  copying file ./www/assets/fonts/roboto-regular.woff ... 
2019-02-01 14:10:15 +0000  13308 bytes for ./www/assets/fonts/roboto-regular.woff
2019-02-01 14:10:15 +0000  copying file ./www/assets/fonts/noto-sans-bold.ttf ... 
2019-02-01 14:10:15 +0000  415132 bytes for ./www/assets/fonts/noto-sans-bold.ttf
2019-02-01 14:10:15 +0000  copying file ./www/assets/fonts/ionicons.eot ... 
2019-02-01 14:10:15 +0000  144114 bytes for ./www/assets/fonts/ionicons.eot
2019-02-01 14:10:15 +0000  copying file ./www/assets/fonts/noto-sans-bold.woff ... 
2019-02-01 14:10:15 +0000  211888 bytes for ./www/assets/fonts/noto-sans-bold.woff
2019-02-01 14:10:15 +0000  copying file ./www/assets/fonts/roboto-light.woff ... 
2019-02-01 14:10:15 +0000  13360 bytes for ./www/assets/fonts/roboto-light.woff
2019-02-01 14:10:15 +0000  copying file ./www/assets/fonts/roboto-medium.woff2 ... 
2019-02-01 14:10:15 +0000  10192 bytes for ./www/assets/fonts/roboto-medium.woff2
2019-02-01 14:10:15 +0000  copying file ./www/assets/fonts/ionicons.woff ... 
2019-02-01 14:10:15 +0000  80356 bytes for ./www/assets/fonts/ionicons.woff
2019-02-01 14:10:15 +0000  copying file ./www/assets/fonts/roboto-regular.ttf ... 
2019-02-01 14:10:15 +0000  19876 bytes for ./www/assets/fonts/roboto-regular.ttf
copying file ./www/assets/fonts/ionicons.ttf ... 
2019-02-01 14:10:15 +0000  143936 bytes for ./www/assets/fonts/ionicons.ttf
2019-02-01 14:10:15 +0000  copying file ./www/assets/fonts/roboto-bold.woff2 ... 
2019-02-01 14:10:15 +0000  10212 bytes for ./www/assets/fonts/roboto-bold.woff2
2019-02-01 14:10:15 +0000  copying file ./www/assets/fonts/noto-sans.scss ... 
2019-02-01 14:10:15 +0000  1282 bytes for ./www/assets/fonts/noto-sans.scss
2019-02-01 14:10:15 +0000  copying file ./www/assets/fonts/roboto.scss ... 
2019-02-01 14:10:15 +0000  1458 bytes for ./www/assets/fonts/roboto.scss
2019-02-01 14:10:15 +0000  copying file ./www/assets/fonts/noto-sans-regular.woff ... 
2019-02-01 14:10:15 +0000  212780 bytes for ./www/assets/fonts/noto-sans-regular.woff
2019-02-01 14:10:15 +0000  copying file ./www/assets/fonts/roboto-medium.woff ... 
2019-02-01 14:10:15 +0000  13248 bytes for ./www/assets/fonts/roboto-medium.woff
2019-02-01 14:10:15 +0000  copying file ./www/assets/fonts/roboto-bold.woff ... 
2019-02-01 14:10:15 +0000  13348 bytes for ./www/assets/fonts/roboto-bold.woff
2019-02-01 14:10:15 +0000  copying file ./www/assets/fonts/noto-sans-regular.ttf ... 
2019-02-01 14:10:15 +0000  414820 bytes for ./www/assets/fonts/noto-sans-regular.ttf
2019-02-01 14:10:15 +0000  copying file ./www/assets/fonts/ionicons.svg ... 
2019-02-01 14:10:15 +0000  400219 bytes for ./www/assets/fonts/ionicons.svg
2019-02-01 14:10:15 +0000  copying file ./www/assets/fonts/roboto-bold.ttf ... 
2019-02-01 14:10:15 +0000  20040 bytes for ./www/assets/fonts/roboto-bold.ttf
2019-02-01 14:10:15 +0000  copying file ./www/assets/fonts/ionicons.woff2 ... 
2019-02-01 14:10:15 +0000  61020 bytes for ./www/assets/fonts/ionicons.woff2
2019-02-01 14:10:15 +0000  copying file ./www/assets/fonts/ionicons.scss ... 
2019-02-01 14:10:15 +0000  1152 bytes for ./www/assets/fonts/ionicons.scss
2019-02-01 14:10:15 +0000  copying file ./www/wk-plugin.js ... 
2019-02-01 14:10:15 +0000  1388 bytes for ./www/wk-plugin.js
2019-02-01 14:10:15 +0000  copying file ./LaunchImage-700-Portrait~ipad.png ... 
2019-02-01 14:10:15 +0000  36703 bytes for ./LaunchImage-700-Portrait~ipad.png
2019-02-01 14:10:15 +0000  copying file ./Assets.car ... 
2019-02-01 14:10:15 +0000  302952 bytes for ./Assets.car
2019-02-01 14:10:15 +0000  copying file ./AppIcon40x40@2x~ipad.png ... 
2019-02-01 14:10:15 +0000  2396 bytes for ./AppIcon40x40@2x~ipad.png
2019-02-01 14:10:15 +0000  copying file ./AppIcon76x76@2x~ipad.png ... 
2019-02-01 14:10:15 +0000  5197 bytes for ./AppIcon76x76@2x~ipad.png
2019-02-01 14:10:15 +0000  copying file ./LaunchImage-800-Portrait-736h@3x.png ... 
2019-02-01 14:10:15 +0000  108570 bytes for ./LaunchImage-800-Portrait-736h@3x.png
2019-02-01 14:10:15 +0000  copying file ./AppIcon72x72~ipad.png ... 
2019-02-01 14:10:15 +0000  2096 bytes for ./AppIcon72x72~ipad.png
2019-02-01 14:10:15 +0000  copying file ./CDVLaunchScreen.storyboardc/01J-lp-oVM-view-Ze5-6b-2t3.nib ... 
2019-02-01 14:10:15 +0000  2283 bytes for ./CDVLaunchScreen.storyboardc/01J-lp-oVM-view-Ze5-6b-2t3.nib
2019-02-01 14:10:15 +0000  copying file ./CDVLaunchScreen.storyboardc/UIViewController-01J-lp-oVM.nib ... 
2019-02-01 14:10:15 +0000  832 bytes for ./CDVLaunchScreen.storyboardc/UIViewController-01J-lp-oVM.nib
2019-02-01 14:10:15 +0000  copying file ./CDVLaunchScreen.storyboardc/Info.plist ... 
2019-02-01 14:10:15 +0000  258 bytes for ./CDVLaunchScreen.storyboardc/Info.plist
2019-02-01 14:10:15 +0000  copying file ./LaunchImage-700@2x.png ... 
2019-02-01 14:10:15 +0000  32583 bytes for ./LaunchImage-700@2x.png
2019-02-01 14:10:15 +0000  copying file ./AppIcon83.5x83.5@2x~ipad.png ... 
2019-02-01 14:10:15 +0000  5854 bytes for ./AppIcon83.5x83.5@2x~ipad.png
2019-02-01 14:10:15 +0000  copying file ./LaunchImage-700-568h@2x.png ... 
2019-02-01 14:10:15 +0000  40258 bytes for ./LaunchImage-700-568h@2x.png
2019-02-01 14:10:15 +0000  copying file ./AppIcon50x50~ipad.png ... 
2019-02-01 14:10:15 +0000  1232 bytes for ./AppIcon50x50~ipad.png
2019-02-01 14:10:15 +0000  copying file ./AppIcon29x29@2x~ipad.png ... 
2019-02-01 14:10:15 +0000  1495 bytes for ./AppIcon29x29@2x~ipad.png
2019-02-01 14:10:15 +0000  copying file ./LaunchImage-700-Landscape@2x~ipad.png ... 
2019-02-01 14:10:15 +0000  104174 bytes for ./LaunchImage-700-Landscape@2x~ipad.png
2019-02-01 14:10:15 +0000  copying file ./AppIcon50x50@2x~ipad.png ... 
2019-02-01 14:10:15 +0000  3120 bytes for ./AppIcon50x50@2x~ipad.png
2019-02-01 14:10:15 +0000  copying file ./AppIcon40x40~ipad.png ... 
2019-02-01 14:10:15 +0000  947 bytes for ./AppIcon40x40~ipad.png
2019-02-01 14:10:15 +0000  copying file ./LaunchImage.png ... 
2019-02-01 14:10:15 +0000  13494 bytes for ./LaunchImage.png
2019-02-01 14:10:15 +0000  copying file ./embedded.mobileprovision ... 
2019-02-01 14:10:15 +0000  9871 bytes for ./embedded.mobileprovision
2019-02-01 14:10:15 +0000  copying file ./LaunchImage-800-Landscape-736h@3x.png ... 
2019-02-01 14:10:15 +0000  38977 bytes for ./LaunchImage-800-Landscape-736h@3x.png
2019-02-01 14:10:15 +0000  copying file ./LaunchImage-700-Portrait@2x~ipad.png ... 
2019-02-01 14:10:15 +0000  102307 bytes for ./LaunchImage-700-Portrait@2x~ipad.png
2019-02-01 14:10:15 +0000  copying file ./LaunchImage-700-Landscape~ipad.png ... 
2019-02-01 14:10:15 +0000  37040 bytes for ./LaunchImage-700-Landscape~ipad.png
2019-02-01 14:10:15 +0000  copying file ./Info.plist ... 
2019-02-01 14:10:15 +0000  2314 bytes for ./Info.plist
2019-02-01 14:10:15 +0000  copying file ./PkgInfo ... 
2019-02-01 14:10:15 +0000  8 bytes for ./PkgInfo
2019-02-01 14:10:15 +0000  copying file ./Briefs ... 
2019-02-01 14:10:15 +0000  7920640 bytes for ./Briefs
2019-02-01 14:10:15 +0000  copying file ./AppIcon76x76~ipad.png ... 
2019-02-01 14:10:15 +0000  2253 bytes for ./AppIcon76x76~ipad.png
2019-02-01 14:10:15 +0000  /usr/bin/ditto exited with 0
2019-02-01 14:10:15 +0000  Processing step: IDEDistributionEmbedProfileStep
2019-02-01 14:10:15 +0000  Processing step: IDEDistributionAppThinningPlistStep
2019-02-01 14:10:15 +0000  Skipping step: IDEDistributionAppThinningPlistStep because it said so
2019-02-01 14:10:15 +0000  Processing step: IDEDistributionCompileBitcodeStep
2019-02-01 14:10:15 +0000  Skipping step: IDEDistributionCompileBitcodeStep because it said so
2019-02-01 14:10:15 +0000  Processing step: IDEDistributionCodeSlimmingStep
2019-02-01 14:10:15 +0000  Processing step: IDEDistributionCopyBCSymbolMapsStep
2019-02-01 14:10:15 +0000  Skipping step: IDEDistributionCopyBCSymbolMapsStep because it said so
2019-02-01 14:10:15 +0000  Processing step: IDEDistributionSymbolsStep
2019-02-01 14:10:15 +0000  Skipping step: IDEDistributionSymbolsStep because it said so
2019-02-01 14:10:15 +0000  Processing step: IDEDistributionAppThinningStep
2019-02-01 14:10:15 +0000  Skipping step: IDEDistributionAppThinningStep because it said so
2019-02-01 14:10:15 +0000  Processing step: IDEDistributionArchThinningStep
2019-02-01 14:10:15 +0000  Running /Applications/Xcode.app/Contents/Developer/Toolchains/XcodeDefault.xctoolchain/usr/bin/lipo '/var/folders/gv/0435cfdx29qf_23ly8yb91qjzc0hcn/T/XcodeDistPipeline.zaM/Root/Payload/Briefs.app/Briefs' '-verify_arch' 'arm64e'
2019-02-01 14:10:15 +0000  /Applications/Xcode.app/Contents/Developer/Toolchains/XcodeDefault.xctoolchain/usr/bin/lipo exited with 1
2019-02-01 14:10:15 +0000  Skipping architecture thinning for item "Briefs" because arch "arm64e" wasn't found
2019-02-01 14:10:15 +0000  Processing step: IDEDistributionODRStep
2019-02-01 14:10:15 +0000  Processing step: IDEDistributionStripXattrsStep
2019-02-01 14:10:15 +0000  Running /usr/bin/xattr '-crs' '/var/folders/gv/0435cfdx29qf_23ly8yb91qjzc0hcn/T/XcodeDistPipeline.zaM/Root/Payload/Briefs.app'
2019-02-01 14:10:16 +0000  /usr/bin/xattr exited with 0
2019-02-01 14:10:16 +0000  Processing step: IDEDistributionCodesignStep
2019-02-01 14:10:16 +0000  Entitlements for <IDEDistributionItem: 0x7fcc915f1e80 'net.chukan.keysolutions.briefs' '<DVTFilePath:0x7fcc8c21a370:'/Users/caf004m/Library/Developer/Xcode/Archives/2019-02-01/Briefs 2-1-19, 8.08 AM.xcarchive/Products/Applications/Briefs.app'>'>: {
    "application-identifier" = "PEVL7W78Y7.net.chukan.keysolutions.briefs";
    "aps-environment" = production;
    "com.apple.developer.team-identifier" = PEVL7W78Y7;
    "get-task-allow" = 0;
}
2019-02-01 14:10:16 +0000  Writing entitlements for <IDEDistributionItem: 0x7fcc915f1e80 'net.chukan.keysolutions.briefs' '<DVTFilePath:0x7fcc8c21a370:'/Users/caf004m/Library/Developer/Xcode/Archives/2019-02-01/Briefs 2-1-19, 8.08 AM.xcarchive/Products/Applications/Briefs.app'>'> to: /var/folders/gv/0435cfdx29qf_23ly8yb91qjzc0hcn/T/XcodeDistPipeline.zaM/entitlementssIBzlk
2019-02-01 14:10:16 +0000  Running /usr/bin/codesign '-vvv' '--force' '--sign' '28022BACA6A3F11B2EC4CCA5935C67BBFFFD1714' '--entitlements' '/var/folders/gv/0435cfdx29qf_23ly8yb91qjzc0hcn/T/XcodeDistPipeline.zaM/entitlementssIBzlk' '--preserve-metadata=identifier,flags,runtime' '/var/folders/gv/0435cfdx29qf_23ly8yb91qjzc0hcn/T/XcodeDistPipeline.zaM/Root/Payload/Briefs.app'
2019-02-01 14:10:16 +0000  /var/folders/gv/0435cfdx29qf_23ly8yb91qjzc0hcn/T/XcodeDistPipeline.zaM/Root/Payload/Briefs.app: replacing existing signature
2019-02-01 14:10:16 +0000  /var/folders/gv/0435cfdx29qf_23ly8yb91qjzc0hcn/T/XcodeDistPipeline.zaM/Root/Payload/Briefs.app: signed app bundle with Mach-O universal (armv7 arm64) [net.chukan.keysolutions.briefs]
2019-02-01 14:10:16 +0000  /usr/bin/codesign exited with 0
2019-02-01 14:10:16 +0000  Processing step: IDEDistributionZipODRItemStep
2019-02-01 14:10:16 +0000  Skipping step: IDEDistributionZipODRItemStep because it said so
2019-02-01 14:10:16 +0000  Processing step: IDEDistributionCreateIPAStep
2019-02-01 14:10:16 +0000  Running /usr/bin/ditto '-V' '-c' '-k' '--norsrc' '/var/folders/gv/0435cfdx29qf_23ly8yb91qjzc0hcn/T/XcodeDistPipeline.zaM/Root' '/var/folders/gv/0435cfdx29qf_23ly8yb91qjzc0hcn/T/XcodeDistPipeline.zaM/Packages/Briefs.ipa'
2019-02-01 14:10:16 +0000  >>> Copying /var/folders/gv/0435cfdx29qf_23ly8yb91qjzc0hcn/T/XcodeDistPipeline.zaM/Root 
2019-02-01 14:10:16 +0000  copying file ./Payload/Briefs.app/_CodeSignature/CodeResources ... 
2019-02-01 14:10:16 +0000  46923 bytes for ./Payload/Briefs.app/_CodeSignature/CodeResources
2019-02-01 14:10:16 +0000  copying file ./Payload/Briefs.app/LaunchImage@2x.png ... 
2019-02-01 14:10:16 +0000  32583 bytes for ./Payload/Briefs.app/LaunchImage@2x.png
copying file ./Payload/Briefs.app/MainViewController.nib ... 
2019-02-01 14:10:16 +0000  943 bytes for ./Payload/Briefs.app/MainViewController.nib
2019-02-01 14:10:16 +0000  copying file ./Payload/Briefs.app/AppIcon57x57.png ... 
2019-02-01 14:10:16 +0000  1450 bytes for ./Payload/Briefs.app/AppIcon57x57.png
copying file ./Payload/Briefs.app/AppIcon29x29.png ... 
2019-02-01 14:10:16 +0000  683 bytes for ./Payload/Briefs.app/AppIcon29x29.png
2019-02-01 14:10:16 +0000  copying file ./Payload/Briefs.app/LaunchImage-568h@2x.png ... 
2019-02-01 14:10:16 +0000  40258 bytes for ./Payload/Briefs.app/LaunchImage-568h@2x.png
copying file ./Payload/Briefs.app/AppIcon60x60@2x.png ... 
2019-02-01 14:10:16 +0000  3913 bytes for ./Payload/Briefs.app/AppIcon60x60@2x.png
copying file ./Payload/Briefs.app/AppIcon72x72@2x~ipad.png ... 
2019-02-01 14:10:16 +0000  4861 bytes for ./Payload/Briefs.app/AppIcon72x72@2x~ipad.png
copying file ./Payload/Briefs.app/AppIcon29x29@2x.png ... 
2019-02-01 14:10:16 +0000  1495 bytes for ./Payload/Briefs.app/AppIcon29x29@2x.png
copying file ./Payload/Briefs.app/LaunchImage-800-667h@2x.png ... 
2019-02-01 14:10:16 +0000  49946 bytes for ./Payload/Briefs.app/LaunchImage-800-667h@2x.png
copying file ./Payload/Briefs.app/LaunchImage-Portrait@2x~ipad.png ... 
2019-02-01 14:10:16 +0000  102307 bytes for ./Payload/Briefs.app/LaunchImage-Portrait@2x~ipad.png
copying file ./Payload/Briefs.app/AppIcon40x40@3x.png ... 
2019-02-01 14:10:16 +0000  3913 bytes for ./Payload/Briefs.app/AppIcon40x40@3x.png
copying file ./Payload/Briefs.app/AppIcon57x57@2x.png ... 
2019-02-01 14:10:16 +0000  3643 bytes for ./Payload/Briefs.app/AppIcon57x57@2x.png
copying file ./Payload/Briefs.app/AppIcon29x29~ipad.png ... 
2019-02-01 14:10:16 +0000  683 bytes for ./Payload/Briefs.app/AppIcon29x29~ipad.png
copying file ./Payload/Briefs.app/AppIcon40x40@2x.png ... 
2019-02-01 14:10:16 +0000  2396 bytes for ./Payload/Briefs.app/AppIcon40x40@2x.png
copying file ./Payload/Briefs.app/LaunchImage-Portrait~ipad.png ... 
2019-02-01 14:10:16 +0000  36703 bytes for ./Payload/Briefs.app/LaunchImage-Portrait~ipad.png
copying file ./Payload/Briefs.app/AppIcon29x29@3x.png ... 
2019-02-01 14:10:16 +0000  2651 bytes for ./Payload/Briefs.app/AppIcon29x29@3x.png
copying file ./Payload/Briefs.app/GoogleService-Info.plist ... 
2019-02-01 14:10:16 +0000  908 bytes for ./Payload/Briefs.app/GoogleService-Info.plist
2019-02-01 14:10:16 +0000  copying file ./Payload/Briefs.app/AppIcon60x60@3x.png ... 
2019-02-01 14:10:16 +0000  6384 bytes for ./Payload/Briefs.app/AppIcon60x60@3x.png
copying file ./Payload/Briefs.app/config.xml ... 
2019-02-01 14:10:16 +0000  6577 bytes for ./Payload/Briefs.app/config.xml
2019-02-01 14:10:16 +0000  copying file ./Payload/Briefs.app/www/index.html ... 
2019-02-01 14:10:16 +0000  1811 bytes for ./Payload/Briefs.app/www/index.html
copying file ./Payload/Briefs.app/www/cordova.js ... 
2019-02-01 14:10:16 +0000  61623 bytes for ./Payload/Briefs.app/www/cordova.js
2019-02-01 14:10:16 +0000  copying file ./Payload/Briefs.app/www/plugins/cordova-plugin-file/www/requestFileSystem.js ... 
2019-02-01 14:10:16 +0000  3244 bytes for ./Payload/Briefs.app/www/plugins/cordova-plugin-file/www/requestFileSystem.js
copying file ./Payload/Briefs.app/www/plugins/cordova-plugin-file/www/DirectoryEntry.js ... 
2019-02-01 14:10:16 +0000  4681 bytes for ./Payload/Briefs.app/www/plugins/cordova-plugin-file/www/DirectoryEntry.js
copying file ./Payload/Briefs.app/www/plugins/cordova-plugin-file/www/FileSystem.js ... 
2019-02-01 14:10:16 +0000  1960 bytes for ./Payload/Briefs.app/www/plugins/cordova-plugin-file/www/FileSystem.js
copying file ./Payload/Briefs.app/www/plugins/cordova-plugin-file/www/Flags.js ... 
2019-02-01 14:10:16 +0000  1336 bytes for ./Payload/Briefs.app/www/plugins/cordova-plugin-file/www/Flags.js
2019-02-01 14:10:16 +0000  copying file ./Payload/Briefs.app/www/plugins/cordova-plugin-file/www/fileSystemPaths.js ... 
2019-02-01 14:10:16 +0000  2548 bytes for ./Payload/Briefs.app/www/plugins/cordova-plugin-file/www/fileSystemPaths.js
copying file ./Payload/Briefs.app/www/plugins/cordova-plugin-file/www/FileEntry.js ... 
2019-02-01 14:10:16 +0000  3423 bytes for ./Payload/Briefs.app/www/plugins/cordova-plugin-file/www/FileEntry.js
copying file ./Payload/Briefs.app/www/plugins/cordova-plugin-file/www/fileSystems.js ... 
2019-02-01 14:10:16 +0000  1047 bytes for ./Payload/Briefs.app/www/plugins/cordova-plugin-file/www/fileSystems.js
2019-02-01 14:10:16 +0000  copying file ./Payload/Briefs.app/www/plugins/cordova-plugin-file/www/DirectoryReader.js ... 
2019-02-01 14:10:16 +0000  2724 bytes for ./Payload/Briefs.app/www/plugins/cordova-plugin-file/www/DirectoryReader.js
copying file ./Payload/Briefs.app/www/plugins/cordova-plugin-file/www/Metadata.js ... 
2019-02-01 14:10:16 +0000  1488 bytes for ./Payload/Briefs.app/www/plugins/cordova-plugin-file/www/Metadata.js
2019-02-01 14:10:16 +0000  copying file ./Payload/Briefs.app/www/plugins/cordova-plugin-file/www/ios/FileSystem.js ... 
2019-02-01 14:10:16 +0000  1222 bytes for ./Payload/Briefs.app/www/plugins/cordova-plugin-file/www/ios/FileSystem.js
2019-02-01 14:10:16 +0000  copying file ./Payload/Briefs.app/www/plugins/cordova-plugin-file/www/browser/isChrome.js ... 
2019-02-01 14:10:16 +0000  1232 bytes for ./Payload/Briefs.app/www/plugins/cordova-plugin-file/www/browser/isChrome.js
2019-02-01 14:10:16 +0000  copying file ./Payload/Briefs.app/www/plugins/cordova-plugin-file/www/LocalFileSystem.js ... 
2019-02-01 14:10:16 +0000  957 bytes for ./Payload/Briefs.app/www/plugins/cordova-plugin-file/www/LocalFileSystem.js
copying file ./Payload/Briefs.app/www/plugins/cordova-plugin-file/www/FileReader.js ... 
2019-02-01 14:10:16 +0000  10523 bytes for ./Payload/Briefs.app/www/plugins/cordova-plugin-file/www/FileReader.js
2019-02-01 14:10:16 +0000  copying file ./Payload/Briefs.app/www/plugins/cordova-plugin-file/www/fileSystems-roots.js ... 
2019-02-01 14:10:16 +0000  1598 bytes for ./Payload/Briefs.app/www/plugins/cordova-plugin-file/www/fileSystems-roots.js
copying file ./Payload/Briefs.app/www/plugins/cordova-plugin-file/www/FileUploadOptions.js ... 
2019-02-01 14:10:16 +0000  1831 bytes for ./Payload/Briefs.app/www/plugins/cordova-plugin-file/www/FileUploadOptions.js
2019-02-01 14:10:16 +0000  copying file ./Payload/Briefs.app/www/plugins/cordova-plugin-file/www/FileWriter.js ... 
2019-02-01 14:10:16 +0000  10544 bytes for ./Payload/Briefs.app/www/plugins/cordova-plugin-file/www/FileWriter.js
copying file ./Payload/Briefs.app/www/plugins/cordova-plugin-file/www/FileError.js ... 
2019-02-01 14:10:16 +0000  1483 bytes for ./Payload/Briefs.app/www/plugins/cordova-plugin-file/www/FileError.js
2019-02-01 14:10:16 +0000  copying file ./Payload/Briefs.app/www/plugins/cordova-plugin-file/www/FileUploadResult.js ... 
2019-02-01 14:10:16 +0000  1111 bytes for ./Payload/Briefs.app/www/plugins/cordova-plugin-file/www/FileUploadResult.js
copying file ./Payload/Briefs.app/www/plugins/cordova-plugin-file/www/ProgressEvent.js ... 
2019-02-01 14:10:16 +0000  2544 bytes for ./Payload/Briefs.app/www/plugins/cordova-plugin-file/www/ProgressEvent.js
copying file ./Payload/Briefs.app/www/plugins/cordova-plugin-file/www/File.js ... 
2019-02-01 14:10:16 +0000  2714 bytes for ./Payload/Briefs.app/www/plugins/cordova-plugin-file/www/File.js
2019-02-01 14:10:16 +0000  copying file ./Payload/Briefs.app/www/plugins/cordova-plugin-file/www/resolveLocalFileSystemURI.js ... 
2019-02-01 14:10:16 +0000  4325 bytes for ./Payload/Briefs.app/www/plugins/cordova-plugin-file/www/resolveLocalFileSystemURI.js
2019-02-01 14:10:16 +0000  copying file ./Payload/Briefs.app/www/plugins/cordova-plugin-file/www/Entry.js ... 
2019-02-01 14:10:16 +0000  9869 bytes for ./Payload/Briefs.app/www/plugins/cordova-plugin-file/www/Entry.js
2019-02-01 14:10:16 +0000  copying file ./Payload/Briefs.app/www/plugins/cordova-plugin-ionic-webview/src/www/util.js ... 
2019-02-01 14:10:16 +0000  872 bytes for ./Payload/Briefs.app/www/plugins/cordova-plugin-ionic-webview/src/www/util.js
2019-02-01 14:10:16 +0000  copying file ./Payload/Briefs.app/www/plugins/cordova-plugin-ionic-webview/src/www/ios/ios-wkwebview-exec.js ... 
2019-02-01 14:10:16 +0000  6126 bytes for ./Payload/Briefs.app/www/plugins/cordova-plugin-ionic-webview/src/www/ios/ios-wkwebview-exec.js
2019-02-01 14:10:16 +0000  copying file ./Payload/Briefs.app/www/plugins/cordova-plugin-device/www/device.js ... 
2019-02-01 14:10:16 +0000  3070 bytes for ./Payload/Briefs.app/www/plugins/cordova-plugin-device/www/device.js
2019-02-01 14:10:16 +0000  copying file ./Payload/Briefs.app/www/plugins/cordova-plugin-geolocation/www/geolocation.js ... 
2019-02-01 14:10:16 +0000  8660 bytes for ./Payload/Briefs.app/www/plugins/cordova-plugin-geolocation/www/geolocation.js
2019-02-01 14:10:16 +0000  copying file ./Payload/Briefs.app/www/plugins/cordova-plugin-geolocation/www/PositionError.js ... 
2019-02-01 14:10:16 +0000  1377 bytes for ./Payload/Briefs.app/www/plugins/cordova-plugin-geolocation/www/PositionError.js
copying file ./Payload/Briefs.app/www/plugins/cordova-plugin-geolocation/www/Coordinates.js ... 
2019-02-01 14:10:16 +0000  2076 bytes for ./Payload/Briefs.app/www/plugins/cordova-plugin-geolocation/www/Coordinates.js
2019-02-01 14:10:16 +0000  copying file ./Payload/Briefs.app/www/plugins/cordova-plugin-geolocation/www/Position.js ... 
2019-02-01 14:10:16 +0000  1359 bytes for ./Payload/Briefs.app/www/plugins/cordova-plugin-geolocation/www/Position.js
2019-02-01 14:10:16 +0000  copying file ./Payload/Briefs.app/www/plugins/cordova-plugin-file-transfer/www/FileTransferError.js ... 
2019-02-01 14:10:16 +0000  1488 bytes for ./Payload/Briefs.app/www/plugins/cordova-plugin-file-transfer/www/FileTransferError.js
2019-02-01 14:10:16 +0000  copying file ./Payload/Briefs.app/www/plugins/cordova-plugin-file-transfer/www/FileTransfer.js ... 
2019-02-01 14:10:16 +0000  8568 bytes for ./Payload/Briefs.app/www/plugins/cordova-plugin-file-transfer/www/FileTransfer.js
2019-02-01 14:10:16 +0000  copying file ./Payload/Briefs.app/www/plugins/cordova-plugin-firebase/www/firebase.js ... 
2019-02-01 14:10:16 +0000  5760 bytes for ./Payload/Briefs.app/www/plugins/cordova-plugin-firebase/www/firebase.js
2019-02-01 14:10:16 +0000  copying file ./Payload/Briefs.app/www/plugins/cordova-plugin-camera/www/CameraPopoverOptions.js ... 
2019-02-01 14:10:16 +0000  2296 bytes for ./Payload/Briefs.app/www/plugins/cordova-plugin-camera/www/CameraPopoverOptions.js
2019-02-01 14:10:16 +0000  copying file ./Payload/Briefs.app/www/plugins/cordova-plugin-camera/www/ios/CameraPopoverHandle.js ... 
2019-02-01 14:10:16 +0000  2271 bytes for ./Payload/Briefs.app/www/plugins/cordova-plugin-camera/www/ios/CameraPopoverHandle.js
2019-02-01 14:10:16 +0000  copying file ./Payload/Briefs.app/www/plugins/cordova-plugin-camera/www/CameraConstants.js ... 
2019-02-01 14:10:16 +0000  3488 bytes for ./Payload/Briefs.app/www/plugins/cordova-plugin-camera/www/CameraConstants.js
2019-02-01 14:10:16 +0000  copying file ./Payload/Briefs.app/www/plugins/cordova-plugin-camera/www/Camera.js ... 
2019-02-01 14:10:16 +0000  7995 bytes for ./Payload/Briefs.app/www/plugins/cordova-plugin-camera/www/Camera.js
2019-02-01 14:10:16 +0000  copying file ./Payload/Briefs.app/www/plugins/cordova-plugin-splashscreen/www/splashscreen.js ... 
2019-02-01 14:10:16 +0000  1173 bytes for ./Payload/Briefs.app/www/plugins/cordova-plugin-splashscreen/www/splashscreen.js
2019-02-01 14:10:16 +0000  copying file ./Payload/Briefs.app/www/plugins/cordova-plugin-ionic-keyboard/www/ios/keyboard.js ... 
2019-02-01 14:10:16 +0000  3125 bytes for ./Payload/Briefs.app/www/plugins/cordova-plugin-ionic-keyboard/www/ios/keyboard.js
2019-02-01 14:10:16 +0000  copying file ./Payload/Briefs.app/www/cordova-js-src/exec.js ... 
2019-02-01 14:10:16 +0000  8877 bytes for ./Payload/Briefs.app/www/cordova-js-src/exec.js
2019-02-01 14:10:16 +0000  copying file ./Payload/Briefs.app/www/cordova-js-src/platform.js ... 
2019-02-01 14:10:16 +0000  943 bytes for ./Payload/Briefs.app/www/cordova-js-src/platform.js
2019-02-01 14:10:16 +0000  copying file ./Payload/Briefs.app/www/manifest.json ... 
2019-02-01 14:10:16 +0000  266 bytes for ./Payload/Briefs.app/www/manifest.json
copying file ./Payload/Briefs.app/www/cordova_plugins.js ... 
2019-02-01 14:10:16 +0000  9784 bytes for ./Payload/Briefs.app/www/cordova_plugins.js
2019-02-01 14:10:16 +0000  copying file ./Payload/Briefs.app/www/service-worker.js ... 
2019-02-01 14:10:16 +0000  741 bytes for ./Payload/Briefs.app/www/service-worker.js
2019-02-01 14:10:16 +0000  copying file ./Payload/Briefs.app/www/build/7.js.map ... 
2019-02-01 14:10:16 +0000  756 bytes for ./Payload/Briefs.app/www/build/7.js.map
copying file ./Payload/Briefs.app/www/build/2.js ... 
2019-02-01 14:10:16 +0000  1859 bytes for ./Payload/Briefs.app/www/build/2.js
copying file ./Payload/Briefs.app/www/build/6.js ... 
2019-02-01 14:10:16 +0000  1885 bytes for ./Payload/Briefs.app/www/build/6.js
2019-02-01 14:10:16 +0000  copying file ./Payload/Briefs.app/www/build/7.js ... 
2019-02-01 14:10:16 +0000  1885 bytes for ./Payload/Briefs.app/www/build/7.js
copying file ./Payload/Briefs.app/www/build/5.js.map ... 
2019-02-01 14:10:16 +0000  804 bytes for ./Payload/Briefs.app/www/build/5.js.map
copying file ./Payload/Briefs.app/www/build/main.js.map ... 
2019-02-01 14:10:16 +0000  124767 bytes for ./Payload/Briefs.app/www/build/main.js.map
copying file ./Payload/Briefs.app/www/build/3.js ... 
2019-02-01 14:10:16 +0000  1885 bytes for ./Payload/Briefs.app/www/build/3.js
copying file ./Payload/Briefs.app/www/build/main.css.map ... 
2019-02-01 14:10:16 +0000  4 bytes for ./Payload/Briefs.app/www/build/main.css.map
copying file ./Payload/Briefs.app/www/build/polyfills.js ... 
2019-02-01 14:10:16 +0000  97180 bytes for ./Payload/Briefs.app/www/build/polyfills.js
copying file ./Payload/Briefs.app/www/build/1.js.map ... 
2019-02-01 14:10:16 +0000  711 bytes for ./Payload/Briefs.app/www/build/1.js.map
2019-02-01 14:10:16 +0000  copying file ./Payload/Briefs.app/www/build/3.js.map ... 
2019-02-01 14:10:16 +0000  756 bytes for ./Payload/Briefs.app/www/build/3.js.map
copying file ./Payload/Briefs.app/www/build/main.css ... 
2019-02-01 14:10:16 +0000  942747 bytes for ./Payload/Briefs.app/www/build/main.css
copying file ./Payload/Briefs.app/www/build/vendor.js ... 
2019-02-01 14:10:16 +0000  8380184 bytes for ./Payload/Briefs.app/www/build/vendor.js
2019-02-01 14:10:16 +0000  copying file ./Payload/Briefs.app/www/build/main.js ... 
2019-02-01 14:10:16 +0000  145560 bytes for ./Payload/Briefs.app/www/build/main.js
2019-02-01 14:10:16 +0000  copying file ./Payload/Briefs.app/www/build/6.js.map ... 
2019-02-01 14:10:16 +0000  756 bytes for ./Payload/Briefs.app/www/build/6.js.map
copying file ./Payload/Briefs.app/www/build/4.js.map ... 
2019-02-01 14:10:16 +0000  738 bytes for ./Payload/Briefs.app/www/build/4.js.map
copying file ./Payload/Briefs.app/www/build/0.js.map ... 
2019-02-01 14:10:16 +0000  770 bytes for ./Payload/Briefs.app/www/build/0.js.map
copying file ./Payload/Briefs.app/www/build/4.js ... 
2019-02-01 14:10:16 +0000  1859 bytes for ./Payload/Briefs.app/www/build/4.js
2019-02-01 14:10:16 +0000  copying file ./Payload/Briefs.app/www/build/0.js ... 
2019-02-01 14:10:16 +0000  1902 bytes for ./Payload/Briefs.app/www/build/0.js
copying file ./Payload/Briefs.app/www/build/1.js ... 
2019-02-01 14:10:16 +0000  1845 bytes for ./Payload/Briefs.app/www/build/1.js
2019-02-01 14:10:16 +0000  copying file ./Payload/Briefs.app/www/build/sw-toolbox.js ... 
2019-02-01 14:10:16 +0000  15793 bytes for ./Payload/Briefs.app/www/build/sw-toolbox.js
2019-02-01 14:10:16 +0000  copying file ./Payload/Briefs.app/www/build/2.js.map ... 
2019-02-01 14:10:16 +0000  738 bytes for ./Payload/Briefs.app/www/build/2.js.map
copying file ./Payload/Briefs.app/www/build/vendor.js.map ... 
2019-02-01 14:10:16 +0000  9870740 bytes for ./Payload/Briefs.app/www/build/vendor.js.map
2019-02-01 14:10:16 +0000  copying file ./Payload/Briefs.app/www/build/5.js ... 
2019-02-01 14:10:16 +0000  1950 bytes for ./Payload/Briefs.app/www/build/5.js
2019-02-01 14:10:16 +0000  copying file ./Payload/Briefs.app/www/assets/imgs/logo.png ... 
2019-02-01 14:10:16 +0000  40204 bytes for ./Payload/Briefs.app/www/assets/imgs/logo.png
2019-02-01 14:10:16 +0000  copying file ./Payload/Briefs.app/www/assets/imgs/logo.blanco.png ... 
2019-02-01 14:10:16 +0000  43642 bytes for ./Payload/Briefs.app/www/assets/imgs/logo.blanco.png
2019-02-01 14:10:16 +0000  copying file ./Payload/Briefs.app/www/assets/icon/favicon.ico ... 
2019-02-01 14:10:16 +0000  1981 bytes for ./Payload/Briefs.app/www/assets/icon/favicon.ico
2019-02-01 14:10:16 +0000  copying file ./Payload/Briefs.app/www/assets/fonts/roboto-medium.ttf ... 
2019-02-01 14:10:16 +0000  19752 bytes for ./Payload/Briefs.app/www/assets/fonts/roboto-medium.ttf
2019-02-01 14:10:16 +0000  copying file ./Payload/Briefs.app/www/assets/fonts/roboto-light.woff2 ... 
2019-02-01 14:10:16 +0000  10220 bytes for ./Payload/Briefs.app/www/assets/fonts/roboto-light.woff2
copying file ./Payload/Briefs.app/www/assets/fonts/roboto-light.ttf ... 
2019-02-01 14:10:16 +0000  19908 bytes for ./Payload/Briefs.app/www/assets/fonts/roboto-light.ttf
2019-02-01 14:10:16 +0000  copying file ./Payload/Briefs.app/www/assets/fonts/roboto-regular.woff2 ... 
2019-02-01 14:10:16 +0000  10196 bytes for ./Payload/Briefs.app/www/assets/fonts/roboto-regular.woff2
2019-02-01 14:10:16 +0000  copying file ./Payload/Briefs.app/www/assets/fonts/roboto-regular.woff ... 
2019-02-01 14:10:16 +0000  13308 bytes for ./Payload/Briefs.app/www/assets/fonts/roboto-regular.woff
2019-02-01 14:10:16 +0000  copying file ./Payload/Briefs.app/www/assets/fonts/noto-sans-bold.ttf ... 
2019-02-01 14:10:16 +0000  415132 bytes for ./Payload/Briefs.app/www/assets/fonts/noto-sans-bold.ttf
2019-02-01 14:10:16 +0000  copying file ./Payload/Briefs.app/www/assets/fonts/ionicons.eot ... 
2019-02-01 14:10:16 +0000  144114 bytes for ./Payload/Briefs.app/www/assets/fonts/ionicons.eot
2019-02-01 14:10:16 +0000  copying file ./Payload/Briefs.app/www/assets/fonts/noto-sans-bold.woff ... 
2019-02-01 14:10:16 +0000  211888 bytes for ./Payload/Briefs.app/www/assets/fonts/noto-sans-bold.woff
copying file ./Payload/Briefs.app/www/assets/fonts/roboto-light.woff ... 
2019-02-01 14:10:16 +0000  13360 bytes for ./Payload/Briefs.app/www/assets/fonts/roboto-light.woff
copying file ./Payload/Briefs.app/www/assets/fonts/roboto-medium.woff2 ... 
2019-02-01 14:10:16 +0000  10192 bytes for ./Payload/Briefs.app/www/assets/fonts/roboto-medium.woff2
copying file ./Payload/Briefs.app/www/assets/fonts/ionicons.woff ... 
2019-02-01 14:10:16 +0000  80356 bytes for ./Payload/Briefs.app/www/assets/fonts/ionicons.woff
copying file ./Payload/Briefs.app/www/assets/fonts/roboto-regular.ttf ... 
2019-02-01 14:10:16 +0000  19876 bytes for ./Payload/Briefs.app/www/assets/fonts/roboto-regular.ttf
copying file ./Payload/Briefs.app/www/assets/fonts/ionicons.ttf ... 
2019-02-01 14:10:16 +0000  143936 bytes for ./Payload/Briefs.app/www/assets/fonts/ionicons.ttf
copying file ./Payload/Briefs.app/www/assets/fonts/roboto-bold.woff2 ... 
2019-02-01 14:10:16 +0000  10212 bytes for ./Payload/Briefs.app/www/assets/fonts/roboto-bold.woff2
copying file ./Payload/Briefs.app/www/assets/fonts/noto-sans.scss ... 
2019-02-01 14:10:16 +0000  1282 bytes for ./Payload/Briefs.app/www/assets/fonts/noto-sans.scss
2019-02-01 14:10:16 +0000  copying file ./Payload/Briefs.app/www/assets/fonts/roboto.scss ... 
2019-02-01 14:10:16 +0000  1458 bytes for ./Payload/Briefs.app/www/assets/fonts/roboto.scss
copying file ./Payload/Briefs.app/www/assets/fonts/noto-sans-regular.woff ... 
2019-02-01 14:10:16 +0000  212780 bytes for ./Payload/Briefs.app/www/assets/fonts/noto-sans-regular.woff
copying file ./Payload/Briefs.app/www/assets/fonts/roboto-medium.woff ... 
2019-02-01 14:10:16 +0000  13248 bytes for ./Payload/Briefs.app/www/assets/fonts/roboto-medium.woff
copying file ./Payload/Briefs.app/www/assets/fonts/roboto-bold.woff ... 
2019-02-01 14:10:16 +0000  13348 bytes for ./Payload/Briefs.app/www/assets/fonts/roboto-bold.woff
copying file ./Payload/Briefs.app/www/assets/fonts/noto-sans-regular.ttf ... 
2019-02-01 14:10:16 +0000  414820 bytes for ./Payload/Briefs.app/www/assets/fonts/noto-sans-regular.ttf
2019-02-01 14:10:16 +0000  copying file ./Payload/Briefs.app/www/assets/fonts/ionicons.svg ... 
2019-02-01 14:10:17 +0000  400219 bytes for ./Payload/Briefs.app/www/assets/fonts/ionicons.svg
copying file ./Payload/Briefs.app/www/assets/fonts/roboto-bold.ttf ... 
2019-02-01 14:10:17 +0000  20040 bytes for ./Payload/Briefs.app/www/assets/fonts/roboto-bold.ttf
copying file ./Payload/Briefs.app/www/assets/fonts/ionicons.woff2 ... 
2019-02-01 14:10:17 +0000  61020 bytes for ./Payload/Briefs.app/www/assets/fonts/ionicons.woff2
copying file ./Payload/Briefs.app/www/assets/fonts/ionicons.scss ... 
2019-02-01 14:10:17 +0000  1152 bytes for ./Payload/Briefs.app/www/assets/fonts/ionicons.scss
copying file ./Payload/Briefs.app/www/wk-plugin.js ... 
2019-02-01 14:10:17 +0000  1388 bytes for ./Payload/Briefs.app/www/wk-plugin.js
2019-02-01 14:10:17 +0000  copying file ./Payload/Briefs.app/LaunchImage-700-Portrait~ipad.png ... 
2019-02-01 14:10:17 +0000  36703 bytes for ./Payload/Briefs.app/LaunchImage-700-Portrait~ipad.png
copying file ./Payload/Briefs.app/Assets.car ... 
2019-02-01 14:10:17 +0000  302952 bytes for ./Payload/Briefs.app/Assets.car
copying file ./Payload/Briefs.app/AppIcon40x40@2x~ipad.png ... 
2019-02-01 14:10:17 +0000  2396 bytes for ./Payload/Briefs.app/AppIcon40x40@2x~ipad.png
copying file ./Payload/Briefs.app/AppIcon76x76@2x~ipad.png ... 
2019-02-01 14:10:17 +0000  5197 bytes for ./Payload/Briefs.app/AppIcon76x76@2x~ipad.png
copying file ./Payload/Briefs.app/LaunchImage-800-Portrait-736h@3x.png ... 
2019-02-01 14:10:17 +0000  108570 bytes for ./Payload/Briefs.app/LaunchImage-800-Portrait-736h@3x.png
copying file ./Payload/Briefs.app/AppIcon72x72~ipad.png ... 
2019-02-01 14:10:17 +0000  2096 bytes for ./Payload/Briefs.app/AppIcon72x72~ipad.png
2019-02-01 14:10:17 +0000  copying file ./Payload/Briefs.app/CDVLaunchScreen.storyboardc/01J-lp-oVM-view-Ze5-6b-2t3.nib ... 
2019-02-01 14:10:17 +0000  2283 bytes for ./Payload/Briefs.app/CDVLaunchScreen.storyboardc/01J-lp-oVM-view-Ze5-6b-2t3.nib
2019-02-01 14:10:17 +0000  copying file ./Payload/Briefs.app/CDVLaunchScreen.storyboardc/UIViewController-01J-lp-oVM.nib ... 
2019-02-01 14:10:17 +0000  832 bytes for ./Payload/Briefs.app/CDVLaunchScreen.storyboardc/UIViewController-01J-lp-oVM.nib
copying file ./Payload/Briefs.app/CDVLaunchScreen.storyboardc/Info.plist ... 
2019-02-01 14:10:17 +0000  258 bytes for ./Payload/Briefs.app/CDVLaunchScreen.storyboardc/Info.plist
copying file ./Payload/Briefs.app/LaunchImage-700@2x.png ... 
2019-02-01 14:10:17 +0000  32583 bytes for ./Payload/Briefs.app/LaunchImage-700@2x.png
2019-02-01 14:10:17 +0000  copying file ./Payload/Briefs.app/AppIcon83.5x83.5@2x~ipad.png ... 
2019-02-01 14:10:17 +0000  5854 bytes for ./Payload/Briefs.app/AppIcon83.5x83.5@2x~ipad.png
2019-02-01 14:10:17 +0000  copying file ./Payload/Briefs.app/LaunchImage-700-568h@2x.png ... 
2019-02-01 14:10:17 +0000  40258 bytes for ./Payload/Briefs.app/LaunchImage-700-568h@2x.png
2019-02-01 14:10:17 +0000  copying file ./Payload/Briefs.app/AppIcon50x50~ipad.png ... 
2019-02-01 14:10:17 +0000  1232 bytes for ./Payload/Briefs.app/AppIcon50x50~ipad.png
copying file ./Payload/Briefs.app/AppIcon29x29@2x~ipad.png ... 
2019-02-01 14:10:17 +0000  1495 bytes for ./Payload/Briefs.app/AppIcon29x29@2x~ipad.png
2019-02-01 14:10:17 +0000  copying file ./Payload/Briefs.app/LaunchImage-700-Landscape@2x~ipad.png ... 
2019-02-01 14:10:17 +0000  104174 bytes for ./Payload/Briefs.app/LaunchImage-700-Landscape@2x~ipad.png
2019-02-01 14:10:17 +0000  copying file ./Payload/Briefs.app/AppIcon50x50@2x~ipad.png ... 
2019-02-01 14:10:17 +0000  3120 bytes for ./Payload/Briefs.app/AppIcon50x50@2x~ipad.png
copying file ./Payload/Briefs.app/AppIcon40x40~ipad.png ... 
2019-02-01 14:10:17 +0000  947 bytes for ./Payload/Briefs.app/AppIcon40x40~ipad.png
copying file ./Payload/Briefs.app/LaunchImage.png ... 
2019-02-01 14:10:17 +0000  13494 bytes for ./Payload/Briefs.app/LaunchImage.png
2019-02-01 14:10:17 +0000  copying file ./Payload/Briefs.app/embedded.mobileprovision ... 
2019-02-01 14:10:17 +0000  9699 bytes for ./Payload/Briefs.app/embedded.mobileprovision
copying file ./Payload/Briefs.app/LaunchImage-800-Landscape-736h@3x.png ... 
2019-02-01 14:10:17 +0000  38977 bytes for ./Payload/Briefs.app/LaunchImage-800-Landscape-736h@3x.png
2019-02-01 14:10:17 +0000  copying file ./Payload/Briefs.app/LaunchImage-700-Portrait@2x~ipad.png ... 
2019-02-01 14:10:17 +0000  102307 bytes for ./Payload/Briefs.app/LaunchImage-700-Portrait@2x~ipad.png
2019-02-01 14:10:17 +0000  copying file ./Payload/Briefs.app/LaunchImage-700-Landscape~ipad.png ... 
2019-02-01 14:10:17 +0000  37040 bytes for ./Payload/Briefs.app/LaunchImage-700-Landscape~ipad.png
2019-02-01 14:10:17 +0000  copying file ./Payload/Briefs.app/Info.plist ... 
2019-02-01 14:10:17 +0000  2314 bytes for ./Payload/Briefs.app/Info.plist
copying file ./Payload/Briefs.app/PkgInfo ... 
2019-02-01 14:10:17 +0000  8 bytes for ./Payload/Briefs.app/PkgInfo
copying file ./Payload/Briefs.app/Briefs ... 
2019-02-01 14:10:17 +0000  7920656 bytes for ./Payload/Briefs.app/Briefs
2019-02-01 14:10:17 +0000  copying file ./Payload/Briefs.app/AppIcon76x76~ipad.png ... 
2253 bytes for ./Payload/Briefs.app/AppIcon76x76~ipad.png
2019-02-01 14:10:17 +0000  /usr/bin/ditto exited with 0
2019-02-01 14:10:17 +0000  Processing step: IDEDistributionAppStoreInformationStep
2019-02-01 14:10:17 +0000  Skipping step: IDEDistributionAppStoreInformationStep because it said so
2019-02-01 14:10:17 +0000  Processing step: IDEDistributionCreateManifestStep
